info it worked if it ends with ok
verbose cli [ 'node', '/usr/local/bin/npm', 'test' ]
info using npm@1.0.6
info using node@v0.5.0-pre
verbose config file /Users/dustindiaz/.npmrc
verbose config file /usr/local/etc/npmrc
silly testEngine { name: 'smoosh',
silly testEngine   preferGlobal: true,
silly testEngine   description: 'a tool for packaging your JavaScript and CSS projects',
silly testEngine   version: '0.3.0',
silly testEngine   authors: [ 'Jacob Thornton <@fat>', 'Dustin Diaz <@ded>' ],
silly testEngine   keywords: 
silly testEngine    [ 'packager',
silly testEngine      'packaging',
silly testEngine      'smoosher',
silly testEngine      'javascript',
silly testEngine      'css',
silly testEngine      'dependencies' ],
silly testEngine   directories: { lib: './lib/smoosh' },
silly testEngine   main: './index.js',
silly testEngine   engines: { node: '>= 0.4.1' },
silly testEngine   dependencies: 
silly testEngine    { colors: '>= 0.3.0',
silly testEngine      gzip: '>= 0.1.0',
silly testEngine      jshint: '>= 0.1.4',
silly testEngine      rimraf: '>= 1.0.0',
silly testEngine      'uglify-js': '>= 0.0.1',
silly testEngine      asciimo: '>= 0.3.1',
silly testEngine      sqwish: '>= 0.0.6' },
silly testEngine   bin: { smoosh: './bin/smoosh' },
silly testEngine   devDependencies: 
silly testEngine    { colors: '>= 0.3.0',
silly testEngine      gzip: '>= 0.1.0',
silly testEngine      jshint: '>= 0.1.4',
silly testEngine      rimraf: '>= 1.0.0',
silly testEngine      'uglify-js': '>= 0.0.1',
silly testEngine      asciimo: '>= 0.3.1',
silly testEngine      sqwish: '>= 0.0.6' },
silly testEngine   scripts: 
silly testEngine    { boosh: 'node examples/config_json/makefile.js;node examples/config_literal/makefile.js',
silly testEngine      test: 'node examples/config_json/makefile.js;node examples/object_literal/makefile.js' },
silly testEngine   _id: 'smoosh@0.3.0',
silly testEngine   _engineSupported: true,
silly testEngine   _npmVersion: '1.0.6',
silly testEngine   _nodeVersion: 'v0.5.0-pre',
silly testEngine   _defaultsLoaded: true }
verbose caching /Users/dustindiaz/code/smoosh/package.json
verbose loadDefaults smoosh@0.3.0
verbose run-script [ 'pretest', 'test', 'posttest' ]
info pretest smoosh@0.3.0
info test smoosh@0.3.0
verbose unsafe-perm in lifecycle true
silly exec sh "-c" "node examples/config_json/makefile.js;node examples/object_literal/makefile.js"
info smoosh@0.3.0 Failed to exec test script
ERR! smoosh@0.3.0 test: `node examples/config_json/makefile.js;node examples/object_literal/makefile.js`
ERR! `sh "-c" "node examples/config_json/makefile.js;node examples/object_literal/makefile.js"` failed with 1
ERR! 
ERR! Failed at the smoosh@0.3.0 test script.
ERR! This is most likely a problem with the smoosh package,
ERR! not with npm itself.
ERR! Tell the author that this fails on your system:
ERR!     node examples/config_json/makefile.js;node examples/object_literal/makefile.js
ERR! You can get their info via:
ERR!     npm owner ls smoosh
ERR! There is likely additional logging output above.
ERR! 
ERR! System Darwin 10.7.4
ERR! command "node" "/usr/local/bin/npm" "test"
verbose exit [ 1, true ]
